[2026-05-06 10:52:52] 
[Step 1] Loading data from jasper
[2026-05-06 10:52:52]   -> Output directory: results\jasper
[2026-05-06 10:52:52]   -> Log file: results\jasper\training.log
[2026-05-06 10:52:52]   -> Cube dimensions: L=198, H=100, W=100, N=10000
[2026-05-06 10:52:52]   -> GT available - Abundance: yes, Endmembers: yes
[2026-05-06 10:52:52]   [OK] Data loaded successfully
[2026-05-06 10:52:52] 
[Step 2] Determining number of endmembers (P)
[2026-05-06 10:52:52]   -> Using preset P = 4 for dataset 'jasper'
[2026-05-06 10:52:52] 
[Step 3] Training SSAFNet model
[2026-05-06 10:52:52]   [Initializing endmembers with VCA]
[2026-05-06 10:52:52]   [OK] VCA initialization complete (P=4 endmembers)
[2026-05-06 10:52:52]   [Building SSAFNet model]
[2026-05-06 10:52:52]   [OK] Model created on cuda
[2026-05-06 10:52:53]   [Training for 2000 epochs (LR=0.005)]
[2026-05-06 10:52:53]   -> Epoch 1/ 2000 | Loss: 0.5984 | LR: 0.005000
[2026-05-06 10:52:55]   -> Epoch 100/ 2000 | Loss: 0.0222 | LR: 0.004970
[2026-05-06 10:52:57]   -> Epoch 200/ 2000 | Loss: 0.0081 | LR: 0.004879
[2026-05-06 10:52:58]   -> Epoch 300/ 2000 | Loss: 0.0059 | LR: 0.004730
[2026-05-06 10:53:00]   -> Epoch 400/ 2000 | Loss: 0.0051 | LR: 0.004527
[2026-05-06 10:53:02]   -> Epoch 500/ 2000 | Loss: 0.0048 | LR: 0.004275
[2026-05-06 10:53:03]   -> Epoch 600/ 2000 | Loss: 0.0046 | LR: 0.003980
[2026-05-06 10:53:05]   -> Epoch 700/ 2000 | Loss: 0.0045 | LR: 0.003649
[2026-05-06 10:53:07]   -> Epoch 800/ 2000 | Loss: 0.0045 | LR: 0.003290
[2026-05-06 10:53:09]   -> Epoch 900/ 2000 | Loss: 0.0044 | LR: 0.002912
[2026-05-06 10:53:10]   -> Epoch 1000/ 2000 | Loss: 0.0044 | LR: 0.002525
[2026-05-06 10:53:12]   -> Epoch 1100/ 2000 | Loss: 0.0043 | LR: 0.002138
[2026-05-06 10:53:14]   -> Epoch 1200/ 2000 | Loss: 0.0044 | LR: 0.001760
[2026-05-06 10:53:15]   -> Epoch 1300/ 2000 | Loss: 0.0043 | LR: 0.001401
[2026-05-06 10:53:17]   -> Epoch 1400/ 2000 | Loss: 0.0043 | LR: 0.001070
[2026-05-06 10:53:19]   -> Epoch 1500/ 2000 | Loss: 0.0043 | LR: 0.000775
[2026-05-06 10:53:20]   -> Epoch 1600/ 2000 | Loss: 0.0043 | LR: 0.000523
[2026-05-06 10:53:22]   -> Epoch 1700/ 2000 | Loss: 0.0043 | LR: 0.000320
[2026-05-06 10:53:24]   -> Epoch 1800/ 2000 | Loss: 0.0043 | LR: 0.000171
[2026-05-06 10:53:25]   -> Epoch 1900/ 2000 | Loss: 0.0043 | LR: 0.000080
[2026-05-06 10:53:27]   -> Epoch 2000/ 2000 | Loss: 0.0043 | LR: 0.000050
[2026-05-06 10:53:27]   [OK] Training completed in 34.1s | Final loss: 0.004308
[2026-05-06 10:53:27]   [OK] Extracted results: A_hat (4, 100, 100), M_mean (198, 4)
[2026-05-06 10:53:27] 
[Step 4] Generating visualizations and saving results
[2026-05-06 10:53:27]   [OK] Saved loss_curve.png
[2026-05-06 10:53:28]   [OK] Saved abundance_maps.png
[2026-05-06 10:53:28]   [OK] Saved endmember_spectra.png
[2026-05-06 10:53:28] 
[Step 5] Evaluating against ground truth
[2026-05-06 10:53:28]   [Quantitative Results - jasper]
[2026-05-06 10:53:28]   -> aRMSE_A: 0.517456
[2026-05-06 10:53:28]   -> aRMSE_M: 0.219459
[2026-05-06 10:53:28]   -> aSAD_M: 0.5413 rad (31.01°)
[2026-05-06 10:53:28]   ->   EM1 SAD: 0.5080 rad (29.11°)
[2026-05-06 10:53:28]   ->   EM2 SAD: 0.9181 rad (52.60°)
[2026-05-06 10:53:28]   ->   EM3 SAD: 0.0876 rad (5.02°)
[2026-05-06 10:53:28]   ->   EM4 SAD: 0.6514 rad (37.33°)
[2026-05-06 10:53:28]   [OK] Saved abundance_comparison.png
[2026-05-06 10:53:28] 
[Step 6] Saving model outputs
[2026-05-06 10:53:28]   [OK] Saved A_hat.npy, M_mean.npy
[2026-05-06 10:53:28]   -> All outputs saved to: results\jasper
[2026-05-06 10:53:28]   -> Log file saved to: results\jasper\training.log
